In the doGet()
In the doGet() - This is a warning
Some message you want logged
In the doGet()
In the doGet() - This is a warning
Some message you want logged
In the doGet()
In the doGet() - This is a warning
Some message you want logged
In the doGet()
In the doGet() - This is a warning
Some message you want logged

hensen
In the doGet()
In the doGet() - This is a warning
Some message you want logged
The first name is Joe
The first name is Fred
The first name is Barney
The first name is Karen
The first name is Dianne
The first name is Dawn
In the doGet()
In the doGet() - This is a warning
Some message you want logged
The first name is Joe
The first name is Fred
The first name is Barney
The first name is Karen
The first name is Dianne
The first name is Dawn
In the doGet()
In the doGet() - This is a warning
Some message you want logged
The first name is Joe
The first name is Fred
The first name is Barney
The first name is Karen
The first name is Dianne
The first name is Dawn
Hensen
The first name is Fred
In the doGet()
In the doGet() - This is a warning
Some message you want logged
The first name is Joe
The first name is Fred
The first name is Barney
The first name is Karen
The first name is Dianne
The first name is Dawn
